<?xml version="1.0" encoding="UTF-8"?>
<!-- Generated by org.testng.reporters.JUnitReportReporter -->
<testsuite hostname="MSNA" failures="0" tests="1" name="com.pom.demowebshopapp.testcases.HomeTest" time="0.000" errors="0" timestamp="2024-11-27T13:16:04 IST" skipped="1">
  <testcase classname="com.pom.demowebshopapp.testcases.HomeTest" name="testHomeDemoApp" time="0.000">
    <skipped/>
  </testcase> <!-- testHomeDemoApp -->
</testsuite> <!-- com.pom.demowebshopapp.testcases.HomeTest -->
